<?xml version="1.0" encoding="UTF-8"?>
<!-- Generated by org.testng.reporters.JUnitXMLReporter -->
<testsuite ignored="1" hostname="DESKTOP-BCCH4T4" failures="0" tests="5" name="Default test" time="0.206" errors="0" timestamp="2023-04-28T12:48:17 IST">
  <testcase classname="test.Day4" name="C" time="0.02"/>
  <testcase classname="test.Day4" name="C" time="0.004"/>
  <testcase classname="test.Day4" name="C" time="0.003"/>
  <testcase classname="test.Day4" name="A" time="0.003"/>
  <testcase classname="test.Day4" name="D" time="0.003"/>
  <testcase classname="test.Day4" name="B" time="0.0">
    <ignored/>
  </testcase> <!-- B -->
</testsuite> <!-- Default test -->
