<?xml version="1.0" encoding="UTF-8"?>
<!-- Generated by org.testng.reporters.JUnitXMLReporter -->
<testsuite ignored="15" hostname="DESKTOP-BCCH4T4" failures="0" tests="2" name="Groups of items" time="0.168" errors="0" timestamp="2023-04-27T13:25:50 IST">
  <testcase classname="test.Day5" name="IPL" time="0.025"/>
  <testcase classname="test.Day5" name="Odi" time="0.003"/>
  <testcase classname="test.Day3" name="A2" time="0.0">
    <ignored/>
  </testcase> <!-- A2 -->
  <testcase classname="test.Day3" name="D4" time="0.0">
    <ignored/>
  </testcase> <!-- D4 -->
  <testcase classname="test.Day5" name="computer" time="0.0">
    <ignored/>
  </testcase> <!-- computer -->
  <testcase classname="test.demo" name="Day2" time="0.0">
    <ignored/>
  </testcase> <!-- Day2 -->
  <testcase classname="test.demo" name="Day1" time="0.0">
    <ignored/>
  </testcase> <!-- Day1 -->
  <testcase classname="test.Day2" name="Apple" time="0.0">
    <ignored/>
  </testcase> <!-- Apple -->
  <testcase classname="test.Day4" name="D" time="0.0">
    <ignored/>
  </testcase> <!-- D -->
  <testcase classname="test.Day4" name="A" time="0.0">
    <ignored/>
  </testcase> <!-- A -->
  <testcase classname="test.Day4" name="B" time="0.0">
    <ignored/>
  </testcase> <!-- B -->
  <testcase classname="test.Day5" name="mahendra" time="0.0">
    <ignored/>
  </testcase> <!-- mahendra -->
  <testcase classname="test.Day4" name="C" time="0.0">
    <ignored/>
  </testcase> <!-- C -->
  <testcase classname="test.Day5" name="Mac" time="0.0">
    <ignored/>
  </testcase> <!-- Mac -->
  <testcase classname="test.Day2" name="network" time="0.0">
    <ignored/>
  </testcase> <!-- network -->
  <testcase classname="test.Day5" name="Honda" time="0.0">
    <ignored/>
  </testcase> <!-- Honda -->
  <testcase classname="test.Day2" name="D2" time="0.0">
    <ignored/>
  </testcase> <!-- D2 -->
</testsuite> <!-- Groups of items -->
