<?xml version="1.0" encoding="UTF-8"?>
<!-- Generated by org.testng.reporters.JUnitXMLReporter -->
<testsuite ignored="0" hostname="DESKTOP-BCCH4T4" failures="0" tests="7" name="Loan" time="0.206" errors="0" timestamp="2023-04-26T16:32:35 IST">
  <testcase classname="test.Day2" name="A1" time="0.027"/>
  <testcase classname="test.Day2" name="D2" time="0.004"/>
  <testcase classname="test.Day2" name="network" time="0.002"/>
  <testcase classname="test.Day3" name="A2" time="0.002"/>
  <testcase classname="test.Day3" name="D4" time="0.003"/>
  <testcase classname="test.demo" name="Day1" time="0.002"/>
  <testcase classname="test.demo" name="Day2" time="0.004"/>
</testsuite> <!-- Loan -->
