<?xml version="1.0" encoding="UTF-8"?>
<!-- Generated by org.testng.reporters.JUnitXMLReporter -->
<testsuite ignored="2" hostname="DESKTOP-BCCH4T4" failures="1" tests="3" name="Test" time="0.195" errors="0" timestamp="2023-05-01T12:11:08 IST">
  <testcase classname="test.demo" name="Day1" time="0.018"/>
  <testcase classname="test.demo" name="Day2" time="0.006"/>
  <testcase classname="test.Day2" name="Apple" time="0.018">
    <failure type="java.lang.AssertionError" message="expected [true] but found [false]">
      <![CDATA[java.lang.AssertionError: expected [true] but found [false]
at test.Day2.Apple(Day2.java:60)
at java.base/java.util.ArrayList.forEach(ArrayList.java:1511)
... Removed 31 stack frames]]>
    </failure>
  </testcase> <!-- Apple -->
  <testcase classname="test.Day2" name="network" time="0.0">
    <ignored/>
  </testcase> <!-- network -->
  <testcase classname="test.Day2" name="D2" time="0.0">
    <ignored/>
  </testcase> <!-- D2 -->
</testsuite> <!-- Test -->
